<?xml version="1.0" encoding="UTF-8"?>
<!-- Generated by org.testng.reporters.JUnitXMLReporter -->
<testsuite hostname="bluepi-HP-EliteBook-840-G1" ignored="0" name="FirefoxTestCases" tests="9" failures="2" timestamp="12 Sep 2018 08:23:46 GMT" time="639.326" errors="0">
  <testcase name="blogRedirectionVerification" time="4.731" classname="com.abp_news.scripts.hometest"/>
  <testcase name="homepageMiddleSection" time="33.11" classname="com.abp_news.scripts.hometest"/>
  <testcase name="homepageSectionVerificationMobileWindow" time="0.354" classname="com.abp_news.scripts.hometest">
    <failure type="org.openqa.selenium.ElementNotInteractableException" message="Element &amp;lt;a href=&amp;quot;https://www.abplive.in/photos&amp;quot;&amp;gt; could not be scrolled into view
Build info: version: &amp;apos;3.13.0&amp;apos;, revision: &amp;apos;2f0d292&amp;apos;, time: &amp;apos;2018-06-25T15:24:21.231Z&amp;apos;
System info: host: &amp;apos;bluepi-HP-EliteBook-840-G1&amp;apos;, ip: &amp;apos;127.0.1.1&amp;apos;, os.name: &amp;apos;Linux&amp;apos;, os.arch: &amp;apos;amd64&amp;apos;, os.version: &amp;apos;4.8.0-36-generic&amp;apos;, java.version: &amp;apos;1.8.0_181&amp;apos;
Driver info: org.openqa.selenium.firefox.FirefoxDriver
Capabilities {acceptInsecureCerts: true, browserName: firefox, browserVersion: 62.0, javascriptEnabled: true, moz:accessibilityChecks: false, moz:headless: false, moz:processID: 18130, moz:profile: /tmp/rust_mozprofile.QhNTp8..., moz:useNonSpecCompliantPointerOrigin: false, moz:webdriverClick: true, pageLoadStrategy: normal, platform: LINUX, platformName: LINUX, platformVersion: 4.8.0-36-generic, rotatable: false, timeouts: {implicit: 0, pageLoad: 300000, script: 30000}}
Session ID: 469b4073-58a2-40e7-af4b-04822cd6f577">
      <![CDATA[org.openqa.selenium.ElementNotInteractableException: Element <a href="https://www.abplive.in/photos"> could not be scrolled into view
Build info: version: '3.13.0', revision: '2f0d292', time: '2018-06-25T15:24:21.231Z'
System info: host: 'bluepi-HP-EliteBook-840-G1', ip: '127.0.1.1', os.name: 'Linux', os.arch: 'amd64', os.version: '4.8.0-36-generic', java.version: '1.8.0_181'
Driver info: org.openqa.selenium.firefox.FirefoxDriver
Capabilities {acceptInsecureCerts: true, browserName: firefox, browserVersion: 62.0, javascriptEnabled: true, moz:accessibilityChecks: false, moz:headless: false, moz:processID: 18130, moz:profile: /tmp/rust_mozprofile.QhNTp8..., moz:useNonSpecCompliantPointerOrigin: false, moz:webdriverClick: true, pageLoadStrategy: normal, platform: LINUX, platformName: LINUX, platformVersion: 4.8.0-36-generic, rotatable: false, timeouts: {implicit: 0, pageLoad: 300000, script: 30000}}
Session ID: 469b4073-58a2-40e7-af4b-04822cd6f577
at org.openqa.selenium.remote.http.W3CHttpResponseCodec.createException(W3CHttpResponseCodec.java:187)
at org.openqa.selenium.remote.http.W3CHttpResponseCodec.decode(W3CHttpResponseCodec.java:122)
at org.openqa.selenium.remote.http.W3CHttpResponseCodec.decode(W3CHttpResponseCodec.java:49)
at org.openqa.selenium.remote.HttpCommandExecutor.execute(HttpCommandExecutor.java:158)
at org.openqa.selenium.remote.service.DriverCommandExecutor.execute(DriverCommandExecutor.java:83)
at org.openqa.selenium.remote.RemoteWebDriver.execute(RemoteWebDriver.java:548)
at org.openqa.selenium.remote.RemoteWebElement.execute(RemoteWebElement.java:276)
at org.openqa.selenium.remote.RemoteWebElement.click(RemoteWebElement.java:83)
at com.abp_news.pom.homepage.verificationOnMobileWindow(homepage.java:316)
at com.abp_news.scripts.hometest.homepageSectionVerificationMobileWindow(hometest.java:70)
at java.util.concurrent.FutureTask.run(FutureTask.java:266)
at java.util.concurrent.ThreadPoolExecutor.runWorker(ThreadPoolExecutor.java:1149)
at java.util.concurrent.ThreadPoolExecutor$Worker.run(ThreadPoolExecutor.java:624)
at java.lang.Thread.run(Thread.java:748)
... Removed 20 stack frames]]>
    </failure>
  </testcase> <!-- homepageSectionVerificationMobileWindow -->
  <testcase name="languageButtonVerification" time="22.621" classname="com.abp_news.scripts.hometest"/>
  <testcase name="linkVerification" time="150.011" classname="com.abp_news.scripts.hometest"/>
  <testcase name="newslatterVerification" time="7.458" classname="com.abp_news.scripts.hometest"/>
  <testcase name="searchVerify" time="3.507" classname="com.abp_news.scripts.hometest"/>
  <testcase name="socialSiteLinkDirectionVerification" time="0.954" classname="com.abp_news.scripts.hometest">
    <failure type="org.openqa.selenium.ElementClickInterceptedException" message="Element &amp;lt;a class=&amp;quot;sprite yt&amp;quot; href=&amp;quot;https://www.abplive.in/rss&amp;quot;&amp;gt; is not clickable at point (1379.5,70.5) because another element &amp;lt;iframe id=&amp;quot;google_ads_iframe_/2599136/English_HP_Medium_0&amp;quot; name=&amp;quot;google_ads_iframe_/2599136/English_HP_Medium_0&amp;quot;&amp;gt; obscures it
Build info: version: &amp;apos;3.13.0&amp;apos;, revision: &amp;apos;2f0d292&amp;apos;, time: &amp;apos;2018-06-25T15:24:21.231Z&amp;apos;
System info: host: &amp;apos;bluepi-HP-EliteBook-840-G1&amp;apos;, ip: &amp;apos;127.0.1.1&amp;apos;, os.name: &amp;apos;Linux&amp;apos;, os.arch: &amp;apos;amd64&amp;apos;, os.version: &amp;apos;4.8.0-36-generic&amp;apos;, java.version: &amp;apos;1.8.0_181&amp;apos;
Driver info: org.openqa.selenium.firefox.FirefoxDriver
Capabilities {acceptInsecureCerts: true, browserName: firefox, browserVersion: 62.0, javascriptEnabled: true, moz:accessibilityChecks: false, moz:headless: false, moz:processID: 19632, moz:profile: /tmp/rust_mozprofile.tJlpeN..., moz:useNonSpecCompliantPointerOrigin: false, moz:webdriverClick: true, pageLoadStrategy: normal, platform: LINUX, platformName: LINUX, platformVersion: 4.8.0-36-generic, rotatable: false, timeouts: {implicit: 0, pageLoad: 300000, script: 30000}}
Session ID: 05186224-7160-470c-a63c-c0f66c06c251">
      <![CDATA[org.openqa.selenium.ElementClickInterceptedException: Element <a class="sprite yt" href="https://www.abplive.in/rss"> is not clickable at point (1379.5,70.5) because another element <iframe id="google_ads_iframe_/2599136/English_HP_Medium_0" name="google_ads_iframe_/2599136/English_HP_Medium_0"> obscures it
Build info: version: '3.13.0', revision: '2f0d292', time: '2018-06-25T15:24:21.231Z'
System info: host: 'bluepi-HP-EliteBook-840-G1', ip: '127.0.1.1', os.name: 'Linux', os.arch: 'amd64', os.version: '4.8.0-36-generic', java.version: '1.8.0_181'
Driver info: org.openqa.selenium.firefox.FirefoxDriver
Capabilities {acceptInsecureCerts: true, browserName: firefox, browserVersion: 62.0, javascriptEnabled: true, moz:accessibilityChecks: false, moz:headless: false, moz:processID: 19632, moz:profile: /tmp/rust_mozprofile.tJlpeN..., moz:useNonSpecCompliantPointerOrigin: false, moz:webdriverClick: true, pageLoadStrategy: normal, platform: LINUX, platformName: LINUX, platformVersion: 4.8.0-36-generic, rotatable: false, timeouts: {implicit: 0, pageLoad: 300000, script: 30000}}
Session ID: 05186224-7160-470c-a63c-c0f66c06c251
at org.openqa.selenium.remote.http.W3CHttpResponseCodec.createException(W3CHttpResponseCodec.java:187)
at org.openqa.selenium.remote.http.W3CHttpResponseCodec.decode(W3CHttpResponseCodec.java:122)
at org.openqa.selenium.remote.http.W3CHttpResponseCodec.decode(W3CHttpResponseCodec.java:49)
at org.openqa.selenium.remote.HttpCommandExecutor.execute(HttpCommandExecutor.java:158)
at org.openqa.selenium.remote.service.DriverCommandExecutor.execute(DriverCommandExecutor.java:83)
at org.openqa.selenium.remote.RemoteWebDriver.execute(RemoteWebDriver.java:548)
at org.openqa.selenium.remote.RemoteWebElement.execute(RemoteWebElement.java:276)
at org.openqa.selenium.remote.RemoteWebElement.click(RemoteWebElement.java:83)
at org.openqa.selenium.support.pagefactory.internal.LocatingElementHandler.invoke(LocatingElementHandler.java:51)
at com.sun.proxy.$Proxy10.click(Unknown Source)
at com.abp_news.pom.homepage.verifySocialLinks(homepage.java:184)
at com.abp_news.scripts.hometest.socialSiteLinkDirectionVerification(hometest.java:17)
at java.util.concurrent.FutureTask.run(FutureTask.java:266)
at java.util.concurrent.ThreadPoolExecutor.runWorker(ThreadPoolExecutor.java:1149)
at java.util.concurrent.ThreadPoolExecutor$Worker.run(ThreadPoolExecutor.java:624)
at java.lang.Thread.run(Thread.java:748)
... Removed 23 stack frames]]>
    </failure>
  </testcase> <!-- socialSiteLinkDirectionVerification -->
  <testcase name="trandingVidosRedirection" time="5.379" classname="com.abp_news.scripts.hometest"/>
</testsuite> <!-- FirefoxTestCases -->
